[2014-08-20 20:58:45] production.ERROR: exception 'InvalidArgumentException' with message 'There are no commands defined in the "elfinder" namespace.' in D:\Programs\Zend\Apache2\htdocs\elfinder\vendor\symfony\console\Symfony\Component\Console\Application.php:516
Stack trace:
#0 D:\Programs\Zend\Apache2\htdocs\elfinder\vendor\symfony\console\Symfony\Component\Console\Application.php(550): Symfony\Component\Console\Application->findNamespace('elfinder')
#1 D:\Programs\Zend\Apache2\htdocs\elfinder\vendor\symfony\console\Symfony\Component\Console\Application.php(190): Symfony\Component\Console\Application->find('elfinder:publis...')
#2 D:\Programs\Zend\Apache2\htdocs\elfinder\vendor\symfony\console\Symfony\Component\Console\Application.php(124): Symfony\Component\Console\Application->doRun(Object(Symfony\Component\Console\Input\ArgvInput), Object(Symfony\Component\Console\Output\ConsoleOutput))
#3 D:\Programs\Zend\Apache2\htdocs\elfinder\artisan(59): Symfony\Component\Console\Application->run()
#4 {main} [] []
[2014-08-27 16:20:02] production.ERROR: exception 'Symfony\Component\HttpKernel\Exception\NotFoundHttpException' in D:\Programs\Zend\Apache2\htdocs\elfinder\bootstrap\compiled.php:5687
Stack trace:
#0 D:\Programs\Zend\Apache2\htdocs\elfinder\bootstrap\compiled.php(5004): Illuminate\Routing\RouteCollection->match(Object(Illuminate\Http\Request))
#1 D:\Programs\Zend\Apache2\htdocs\elfinder\bootstrap\compiled.php(4992): Illuminate\Routing\Router->findRoute(Object(Illuminate\Http\Request))
#2 D:\Programs\Zend\Apache2\htdocs\elfinder\bootstrap\compiled.php(4984): Illuminate\Routing\Router->dispatchToRoute(Object(Illuminate\Http\Request))
#3 D:\Programs\Zend\Apache2\htdocs\elfinder\bootstrap\compiled.php(717): Illuminate\Routing\Router->dispatch(Object(Illuminate\Http\Request))
#4 D:\Programs\Zend\Apache2\htdocs\elfinder\bootstrap\compiled.php(698): Illuminate\Foundation\Application->dispatch(Object(Illuminate\Http\Request))
#5 D:\Programs\Zend\Apache2\htdocs\elfinder\bootstrap\compiled.php(7706): Illuminate\Foundation\Application->handle(Object(Illuminate\Http\Request), 1, true)
#6 D:\Programs\Zend\Apache2\htdocs\elfinder\bootstrap\compiled.php(8309): Illuminate\Session\Middleware->handle(Object(Illuminate\Http\Request), 1, true)
#7 D:\Programs\Zend\Apache2\htdocs\elfinder\bootstrap\compiled.php(8256): Illuminate\Cookie\Queue->handle(Object(Illuminate\Http\Request), 1, true)
#8 D:\Programs\Zend\Apache2\htdocs\elfinder\bootstrap\compiled.php(10895): Illuminate\Cookie\Guard->handle(Object(Illuminate\Http\Request), 1, true)
#9 D:\Programs\Zend\Apache2\htdocs\elfinder\bootstrap\compiled.php(659): Stack\StackedHttpKernel->handle(Object(Illuminate\Http\Request))
#10 D:\Programs\Zend\Apache2\htdocs\elfinder\public\index.php(49): Illuminate\Foundation\Application->run()
#11 {main} [] []
[2014-08-28 15:19:01] production.ERROR: exception 'Symfony\Component\HttpKernel\Exception\NotFoundHttpException' in D:\Programs\Zend\Apache2\htdocs\elfinder\bootstrap\compiled.php:5687
Stack trace:
#0 D:\Programs\Zend\Apache2\htdocs\elfinder\bootstrap\compiled.php(5004): Illuminate\Routing\RouteCollection->match(Object(Illuminate\Http\Request))
#1 D:\Programs\Zend\Apache2\htdocs\elfinder\bootstrap\compiled.php(4992): Illuminate\Routing\Router->findRoute(Object(Illuminate\Http\Request))
#2 D:\Programs\Zend\Apache2\htdocs\elfinder\bootstrap\compiled.php(4984): Illuminate\Routing\Router->dispatchToRoute(Object(Illuminate\Http\Request))
#3 D:\Programs\Zend\Apache2\htdocs\elfinder\bootstrap\compiled.php(717): Illuminate\Routing\Router->dispatch(Object(Illuminate\Http\Request))
#4 D:\Programs\Zend\Apache2\htdocs\elfinder\bootstrap\compiled.php(698): Illuminate\Foundation\Application->dispatch(Object(Illuminate\Http\Request))
#5 D:\Programs\Zend\Apache2\htdocs\elfinder\bootstrap\compiled.php(7706): Illuminate\Foundation\Application->handle(Object(Illuminate\Http\Request), 1, true)
#6 D:\Programs\Zend\Apache2\htdocs\elfinder\bootstrap\compiled.php(8309): Illuminate\Session\Middleware->handle(Object(Illuminate\Http\Request), 1, true)
#7 D:\Programs\Zend\Apache2\htdocs\elfinder\bootstrap\compiled.php(8256): Illuminate\Cookie\Queue->handle(Object(Illuminate\Http\Request), 1, true)
#8 D:\Programs\Zend\Apache2\htdocs\elfinder\bootstrap\compiled.php(10895): Illuminate\Cookie\Guard->handle(Object(Illuminate\Http\Request), 1, true)
#9 D:\Programs\Zend\Apache2\htdocs\elfinder\bootstrap\compiled.php(659): Stack\StackedHttpKernel->handle(Object(Illuminate\Http\Request))
#10 D:\Programs\Zend\Apache2\htdocs\elfinder\public\index.php(49): Illuminate\Foundation\Application->run()
#11 {main} [] []
[2014-08-28 16:11:16] production.ERROR: exception 'Symfony\Component\HttpKernel\Exception\NotFoundHttpException' in D:\Programs\Zend\Apache2\htdocs\elfinder\bootstrap\compiled.php:5687
Stack trace:
#0 D:\Programs\Zend\Apache2\htdocs\elfinder\bootstrap\compiled.php(5004): Illuminate\Routing\RouteCollection->match(Object(Illuminate\Http\Request))
#1 D:\Programs\Zend\Apache2\htdocs\elfinder\bootstrap\compiled.php(4992): Illuminate\Routing\Router->findRoute(Object(Illuminate\Http\Request))
#2 D:\Programs\Zend\Apache2\htdocs\elfinder\bootstrap\compiled.php(4984): Illuminate\Routing\Router->dispatchToRoute(Object(Illuminate\Http\Request))
#3 D:\Programs\Zend\Apache2\htdocs\elfinder\bootstrap\compiled.php(717): Illuminate\Routing\Router->dispatch(Object(Illuminate\Http\Request))
#4 D:\Programs\Zend\Apache2\htdocs\elfinder\bootstrap\compiled.php(698): Illuminate\Foundation\Application->dispatch(Object(Illuminate\Http\Request))
#5 D:\Programs\Zend\Apache2\htdocs\elfinder\bootstrap\compiled.php(7706): Illuminate\Foundation\Application->handle(Object(Illuminate\Http\Request), 1, true)
#6 D:\Programs\Zend\Apache2\htdocs\elfinder\bootstrap\compiled.php(8309): Illuminate\Session\Middleware->handle(Object(Illuminate\Http\Request), 1, true)
#7 D:\Programs\Zend\Apache2\htdocs\elfinder\bootstrap\compiled.php(8256): Illuminate\Cookie\Queue->handle(Object(Illuminate\Http\Request), 1, true)
#8 D:\Programs\Zend\Apache2\htdocs\elfinder\bootstrap\compiled.php(10895): Illuminate\Cookie\Guard->handle(Object(Illuminate\Http\Request), 1, true)
#9 D:\Programs\Zend\Apache2\htdocs\elfinder\bootstrap\compiled.php(659): Stack\StackedHttpKernel->handle(Object(Illuminate\Http\Request))
#10 D:\Programs\Zend\Apache2\htdocs\elfinder\public\index.php(49): Illuminate\Foundation\Application->run()
#11 {main} [] []
[2014-09-03 18:06:39] production.ERROR: exception 'Symfony\Component\HttpKernel\Exception\NotFoundHttpException' in D:\Programs\Zend\Apache2\htdocs\elfinder\bootstrap\compiled.php:5687
Stack trace:
#0 D:\Programs\Zend\Apache2\htdocs\elfinder\bootstrap\compiled.php(5004): Illuminate\Routing\RouteCollection->match(Object(Illuminate\Http\Request))
#1 D:\Programs\Zend\Apache2\htdocs\elfinder\bootstrap\compiled.php(4992): Illuminate\Routing\Router->findRoute(Object(Illuminate\Http\Request))
#2 D:\Programs\Zend\Apache2\htdocs\elfinder\bootstrap\compiled.php(4984): Illuminate\Routing\Router->dispatchToRoute(Object(Illuminate\Http\Request))
#3 D:\Programs\Zend\Apache2\htdocs\elfinder\bootstrap\compiled.php(717): Illuminate\Routing\Router->dispatch(Object(Illuminate\Http\Request))
#4 D:\Programs\Zend\Apache2\htdocs\elfinder\bootstrap\compiled.php(698): Illuminate\Foundation\Application->dispatch(Object(Illuminate\Http\Request))
#5 D:\Programs\Zend\Apache2\htdocs\elfinder\bootstrap\compiled.php(7706): Illuminate\Foundation\Application->handle(Object(Illuminate\Http\Request), 1, true)
#6 D:\Programs\Zend\Apache2\htdocs\elfinder\bootstrap\compiled.php(8309): Illuminate\Session\Middleware->handle(Object(Illuminate\Http\Request), 1, true)
#7 D:\Programs\Zend\Apache2\htdocs\elfinder\bootstrap\compiled.php(8256): Illuminate\Cookie\Queue->handle(Object(Illuminate\Http\Request), 1, true)
#8 D:\Programs\Zend\Apache2\htdocs\elfinder\bootstrap\compiled.php(10895): Illuminate\Cookie\Guard->handle(Object(Illuminate\Http\Request), 1, true)
#9 D:\Programs\Zend\Apache2\htdocs\elfinder\bootstrap\compiled.php(659): Stack\StackedHttpKernel->handle(Object(Illuminate\Http\Request))
#10 D:\Programs\Zend\Apache2\htdocs\elfinder\public\index.php(49): Illuminate\Foundation\Application->run()
#11 {main} [] []
[2014-09-03 18:17:05] production.ERROR: exception 'Symfony\Component\HttpKernel\Exception\NotFoundHttpException' in D:\Programs\Zend\Apache2\htdocs\elfinder\bootstrap\compiled.php:5687
Stack trace:
#0 D:\Programs\Zend\Apache2\htdocs\elfinder\bootstrap\compiled.php(5004): Illuminate\Routing\RouteCollection->match(Object(Illuminate\Http\Request))
#1 D:\Programs\Zend\Apache2\htdocs\elfinder\bootstrap\compiled.php(4992): Illuminate\Routing\Router->findRoute(Object(Illuminate\Http\Request))
#2 D:\Programs\Zend\Apache2\htdocs\elfinder\bootstrap\compiled.php(4984): Illuminate\Routing\Router->dispatchToRoute(Object(Illuminate\Http\Request))
#3 D:\Programs\Zend\Apache2\htdocs\elfinder\bootstrap\compiled.php(717): Illuminate\Routing\Router->dispatch(Object(Illuminate\Http\Request))
#4 D:\Programs\Zend\Apache2\htdocs\elfinder\bootstrap\compiled.php(698): Illuminate\Foundation\Application->dispatch(Object(Illuminate\Http\Request))
#5 D:\Programs\Zend\Apache2\htdocs\elfinder\bootstrap\compiled.php(7706): Illuminate\Foundation\Application->handle(Object(Illuminate\Http\Request), 1, true)
#6 D:\Programs\Zend\Apache2\htdocs\elfinder\bootstrap\compiled.php(8309): Illuminate\Session\Middleware->handle(Object(Illuminate\Http\Request), 1, true)
#7 D:\Programs\Zend\Apache2\htdocs\elfinder\bootstrap\compiled.php(8256): Illuminate\Cookie\Queue->handle(Object(Illuminate\Http\Request), 1, true)
#8 D:\Programs\Zend\Apache2\htdocs\elfinder\bootstrap\compiled.php(10895): Illuminate\Cookie\Guard->handle(Object(Illuminate\Http\Request), 1, true)
#9 D:\Programs\Zend\Apache2\htdocs\elfinder\bootstrap\compiled.php(659): Stack\StackedHttpKernel->handle(Object(Illuminate\Http\Request))
#10 D:\Programs\Zend\Apache2\htdocs\elfinder\public\index.php(49): Illuminate\Foundation\Application->run()
#11 {main} [] []
[2014-09-03 20:25:18] production.ERROR: exception 'Symfony\Component\HttpKernel\Exception\NotFoundHttpException' in D:\Programs\Zend\Apache2\htdocs\elfinder\bootstrap\compiled.php:5687
Stack trace:
#0 D:\Programs\Zend\Apache2\htdocs\elfinder\bootstrap\compiled.php(5004): Illuminate\Routing\RouteCollection->match(Object(Illuminate\Http\Request))
#1 D:\Programs\Zend\Apache2\htdocs\elfinder\bootstrap\compiled.php(4992): Illuminate\Routing\Router->findRoute(Object(Illuminate\Http\Request))
#2 D:\Programs\Zend\Apache2\htdocs\elfinder\bootstrap\compiled.php(4984): Illuminate\Routing\Router->dispatchToRoute(Object(Illuminate\Http\Request))
#3 D:\Programs\Zend\Apache2\htdocs\elfinder\bootstrap\compiled.php(717): Illuminate\Routing\Router->dispatch(Object(Illuminate\Http\Request))
#4 D:\Programs\Zend\Apache2\htdocs\elfinder\bootstrap\compiled.php(698): Illuminate\Foundation\Application->dispatch(Object(Illuminate\Http\Request))
#5 D:\Programs\Zend\Apache2\htdocs\elfinder\bootstrap\compiled.php(7706): Illuminate\Foundation\Application->handle(Object(Illuminate\Http\Request), 1, true)
#6 D:\Programs\Zend\Apache2\htdocs\elfinder\bootstrap\compiled.php(8309): Illuminate\Session\Middleware->handle(Object(Illuminate\Http\Request), 1, true)
#7 D:\Programs\Zend\Apache2\htdocs\elfinder\bootstrap\compiled.php(8256): Illuminate\Cookie\Queue->handle(Object(Illuminate\Http\Request), 1, true)
#8 D:\Programs\Zend\Apache2\htdocs\elfinder\bootstrap\compiled.php(10895): Illuminate\Cookie\Guard->handle(Object(Illuminate\Http\Request), 1, true)
#9 D:\Programs\Zend\Apache2\htdocs\elfinder\bootstrap\compiled.php(659): Stack\StackedHttpKernel->handle(Object(Illuminate\Http\Request))
#10 D:\Programs\Zend\Apache2\htdocs\elfinder\public\index.php(49): Illuminate\Foundation\Application->run()
#11 {main} [] []
[2014-09-03 20:25:38] production.ERROR: exception 'Symfony\Component\HttpKernel\Exception\NotFoundHttpException' in D:\Programs\Zend\Apache2\htdocs\elfinder\bootstrap\compiled.php:5687
Stack trace:
#0 D:\Programs\Zend\Apache2\htdocs\elfinder\bootstrap\compiled.php(5004): Illuminate\Routing\RouteCollection->match(Object(Illuminate\Http\Request))
#1 D:\Programs\Zend\Apache2\htdocs\elfinder\bootstrap\compiled.php(4992): Illuminate\Routing\Router->findRoute(Object(Illuminate\Http\Request))
#2 D:\Programs\Zend\Apache2\htdocs\elfinder\bootstrap\compiled.php(4984): Illuminate\Routing\Router->dispatchToRoute(Object(Illuminate\Http\Request))
#3 D:\Programs\Zend\Apache2\htdocs\elfinder\bootstrap\compiled.php(717): Illuminate\Routing\Router->dispatch(Object(Illuminate\Http\Request))
#4 D:\Programs\Zend\Apache2\htdocs\elfinder\bootstrap\compiled.php(698): Illuminate\Foundation\Application->dispatch(Object(Illuminate\Http\Request))
#5 D:\Programs\Zend\Apache2\htdocs\elfinder\bootstrap\compiled.php(7706): Illuminate\Foundation\Application->handle(Object(Illuminate\Http\Request), 1, true)
#6 D:\Programs\Zend\Apache2\htdocs\elfinder\bootstrap\compiled.php(8309): Illuminate\Session\Middleware->handle(Object(Illuminate\Http\Request), 1, true)
#7 D:\Programs\Zend\Apache2\htdocs\elfinder\bootstrap\compiled.php(8256): Illuminate\Cookie\Queue->handle(Object(Illuminate\Http\Request), 1, true)
#8 D:\Programs\Zend\Apache2\htdocs\elfinder\bootstrap\compiled.php(10895): Illuminate\Cookie\Guard->handle(Object(Illuminate\Http\Request), 1, true)
#9 D:\Programs\Zend\Apache2\htdocs\elfinder\bootstrap\compiled.php(659): Stack\StackedHttpKernel->handle(Object(Illuminate\Http\Request))
#10 D:\Programs\Zend\Apache2\htdocs\elfinder\public\index.php(49): Illuminate\Foundation\Application->run()
#11 {main} [] []
[2014-09-03 20:26:51] production.ERROR: exception 'Symfony\Component\HttpKernel\Exception\NotFoundHttpException' in D:\Programs\Zend\Apache2\htdocs\elfinder\bootstrap\compiled.php:5687
Stack trace:
#0 D:\Programs\Zend\Apache2\htdocs\elfinder\bootstrap\compiled.php(5004): Illuminate\Routing\RouteCollection->match(Object(Illuminate\Http\Request))
#1 D:\Programs\Zend\Apache2\htdocs\elfinder\bootstrap\compiled.php(4992): Illuminate\Routing\Router->findRoute(Object(Illuminate\Http\Request))
#2 D:\Programs\Zend\Apache2\htdocs\elfinder\bootstrap\compiled.php(4984): Illuminate\Routing\Router->dispatchToRoute(Object(Illuminate\Http\Request))
#3 D:\Programs\Zend\Apache2\htdocs\elfinder\bootstrap\compiled.php(717): Illuminate\Routing\Router->dispatch(Object(Illuminate\Http\Request))
#4 D:\Programs\Zend\Apache2\htdocs\elfinder\bootstrap\compiled.php(698): Illuminate\Foundation\Application->dispatch(Object(Illuminate\Http\Request))
#5 D:\Programs\Zend\Apache2\htdocs\elfinder\bootstrap\compiled.php(7706): Illuminate\Foundation\Application->handle(Object(Illuminate\Http\Request), 1, true)
#6 D:\Programs\Zend\Apache2\htdocs\elfinder\bootstrap\compiled.php(8309): Illuminate\Session\Middleware->handle(Object(Illuminate\Http\Request), 1, true)
#7 D:\Programs\Zend\Apache2\htdocs\elfinder\bootstrap\compiled.php(8256): Illuminate\Cookie\Queue->handle(Object(Illuminate\Http\Request), 1, true)
#8 D:\Programs\Zend\Apache2\htdocs\elfinder\bootstrap\compiled.php(10895): Illuminate\Cookie\Guard->handle(Object(Illuminate\Http\Request), 1, true)
#9 D:\Programs\Zend\Apache2\htdocs\elfinder\bootstrap\compiled.php(659): Stack\StackedHttpKernel->handle(Object(Illuminate\Http\Request))
#10 D:\Programs\Zend\Apache2\htdocs\elfinder\public\index.php(49): Illuminate\Foundation\Application->run()
#11 {main} [] []
[2014-09-03 20:27:47] production.ERROR: exception 'Symfony\Component\HttpKernel\Exception\NotFoundHttpException' in D:\Programs\Zend\Apache2\htdocs\elfinder\bootstrap\compiled.php:5687
Stack trace:
#0 D:\Programs\Zend\Apache2\htdocs\elfinder\bootstrap\compiled.php(5004): Illuminate\Routing\RouteCollection->match(Object(Illuminate\Http\Request))
#1 D:\Programs\Zend\Apache2\htdocs\elfinder\bootstrap\compiled.php(4992): Illuminate\Routing\Router->findRoute(Object(Illuminate\Http\Request))
#2 D:\Programs\Zend\Apache2\htdocs\elfinder\bootstrap\compiled.php(4984): Illuminate\Routing\Router->dispatchToRoute(Object(Illuminate\Http\Request))
#3 D:\Programs\Zend\Apache2\htdocs\elfinder\bootstrap\compiled.php(717): Illuminate\Routing\Router->dispatch(Object(Illuminate\Http\Request))
#4 D:\Programs\Zend\Apache2\htdocs\elfinder\bootstrap\compiled.php(698): Illuminate\Foundation\Application->dispatch(Object(Illuminate\Http\Request))
#5 D:\Programs\Zend\Apache2\htdocs\elfinder\bootstrap\compiled.php(7706): Illuminate\Foundation\Application->handle(Object(Illuminate\Http\Request), 1, true)
#6 D:\Programs\Zend\Apache2\htdocs\elfinder\bootstrap\compiled.php(8309): Illuminate\Session\Middleware->handle(Object(Illuminate\Http\Request), 1, true)
#7 D:\Programs\Zend\Apache2\htdocs\elfinder\bootstrap\compiled.php(8256): Illuminate\Cookie\Queue->handle(Object(Illuminate\Http\Request), 1, true)
#8 D:\Programs\Zend\Apache2\htdocs\elfinder\bootstrap\compiled.php(10895): Illuminate\Cookie\Guard->handle(Object(Illuminate\Http\Request), 1, true)
#9 D:\Programs\Zend\Apache2\htdocs\elfinder\bootstrap\compiled.php(659): Stack\StackedHttpKernel->handle(Object(Illuminate\Http\Request))
#10 D:\Programs\Zend\Apache2\htdocs\elfinder\public\index.php(49): Illuminate\Foundation\Application->run()
#11 {main} [] []
[2014-09-03 20:30:13] production.ERROR: exception 'Symfony\Component\HttpKernel\Exception\NotFoundHttpException' in D:\Programs\Zend\Apache2\htdocs\elfinder\bootstrap\compiled.php:5687
Stack trace:
#0 D:\Programs\Zend\Apache2\htdocs\elfinder\bootstrap\compiled.php(5004): Illuminate\Routing\RouteCollection->match(Object(Illuminate\Http\Request))
#1 D:\Programs\Zend\Apache2\htdocs\elfinder\bootstrap\compiled.php(4992): Illuminate\Routing\Router->findRoute(Object(Illuminate\Http\Request))
#2 D:\Programs\Zend\Apache2\htdocs\elfinder\bootstrap\compiled.php(4984): Illuminate\Routing\Router->dispatchToRoute(Object(Illuminate\Http\Request))
#3 D:\Programs\Zend\Apache2\htdocs\elfinder\bootstrap\compiled.php(717): Illuminate\Routing\Router->dispatch(Object(Illuminate\Http\Request))
#4 D:\Programs\Zend\Apache2\htdocs\elfinder\bootstrap\compiled.php(698): Illuminate\Foundation\Application->dispatch(Object(Illuminate\Http\Request))
#5 D:\Programs\Zend\Apache2\htdocs\elfinder\bootstrap\compiled.php(7706): Illuminate\Foundation\Application->handle(Object(Illuminate\Http\Request), 1, true)
#6 D:\Programs\Zend\Apache2\htdocs\elfinder\bootstrap\compiled.php(8309): Illuminate\Session\Middleware->handle(Object(Illuminate\Http\Request), 1, true)
#7 D:\Programs\Zend\Apache2\htdocs\elfinder\bootstrap\compiled.php(8256): Illuminate\Cookie\Queue->handle(Object(Illuminate\Http\Request), 1, true)
#8 D:\Programs\Zend\Apache2\htdocs\elfinder\bootstrap\compiled.php(10895): Illuminate\Cookie\Guard->handle(Object(Illuminate\Http\Request), 1, true)
#9 D:\Programs\Zend\Apache2\htdocs\elfinder\bootstrap\compiled.php(659): Stack\StackedHttpKernel->handle(Object(Illuminate\Http\Request))
#10 D:\Programs\Zend\Apache2\htdocs\elfinder\public\index.php(49): Illuminate\Foundation\Application->run()
#11 {main} [] []
[2014-09-03 21:40:33] production.ERROR: exception 'Symfony\Component\HttpKernel\Exception\NotFoundHttpException' in D:\Programs\Zend\Apache2\htdocs\elfinder\bootstrap\compiled.php:5687
Stack trace:
#0 D:\Programs\Zend\Apache2\htdocs\elfinder\bootstrap\compiled.php(5004): Illuminate\Routing\RouteCollection->match(Object(Illuminate\Http\Request))
#1 D:\Programs\Zend\Apache2\htdocs\elfinder\bootstrap\compiled.php(4992): Illuminate\Routing\Router->findRoute(Object(Illuminate\Http\Request))
#2 D:\Programs\Zend\Apache2\htdocs\elfinder\bootstrap\compiled.php(4984): Illuminate\Routing\Router->dispatchToRoute(Object(Illuminate\Http\Request))
#3 D:\Programs\Zend\Apache2\htdocs\elfinder\bootstrap\compiled.php(717): Illuminate\Routing\Router->dispatch(Object(Illuminate\Http\Request))
#4 D:\Programs\Zend\Apache2\htdocs\elfinder\bootstrap\compiled.php(698): Illuminate\Foundation\Application->dispatch(Object(Illuminate\Http\Request))
#5 D:\Programs\Zend\Apache2\htdocs\elfinder\bootstrap\compiled.php(7706): Illuminate\Foundation\Application->handle(Object(Illuminate\Http\Request), 1, true)
#6 D:\Programs\Zend\Apache2\htdocs\elfinder\bootstrap\compiled.php(8309): Illuminate\Session\Middleware->handle(Object(Illuminate\Http\Request), 1, true)
#7 D:\Programs\Zend\Apache2\htdocs\elfinder\bootstrap\compiled.php(8256): Illuminate\Cookie\Queue->handle(Object(Illuminate\Http\Request), 1, true)
#8 D:\Programs\Zend\Apache2\htdocs\elfinder\bootstrap\compiled.php(10895): Illuminate\Cookie\Guard->handle(Object(Illuminate\Http\Request), 1, true)
#9 D:\Programs\Zend\Apache2\htdocs\elfinder\bootstrap\compiled.php(659): Stack\StackedHttpKernel->handle(Object(Illuminate\Http\Request))
#10 D:\Programs\Zend\Apache2\htdocs\elfinder\public\index.php(49): Illuminate\Foundation\Application->run()
#11 {main} [] []
[2014-09-03 22:06:56] production.ERROR: exception 'Symfony\Component\HttpKernel\Exception\NotFoundHttpException' in D:\Programs\Zend\Apache2\htdocs\elfinder\bootstrap\compiled.php:5687
Stack trace:
#0 D:\Programs\Zend\Apache2\htdocs\elfinder\bootstrap\compiled.php(5004): Illuminate\Routing\RouteCollection->match(Object(Illuminate\Http\Request))
#1 D:\Programs\Zend\Apache2\htdocs\elfinder\bootstrap\compiled.php(4992): Illuminate\Routing\Router->findRoute(Object(Illuminate\Http\Request))
#2 D:\Programs\Zend\Apache2\htdocs\elfinder\bootstrap\compiled.php(4984): Illuminate\Routing\Router->dispatchToRoute(Object(Illuminate\Http\Request))
#3 D:\Programs\Zend\Apache2\htdocs\elfinder\bootstrap\compiled.php(717): Illuminate\Routing\Router->dispatch(Object(Illuminate\Http\Request))
#4 D:\Programs\Zend\Apache2\htdocs\elfinder\bootstrap\compiled.php(698): Illuminate\Foundation\Application->dispatch(Object(Illuminate\Http\Request))
#5 D:\Programs\Zend\Apache2\htdocs\elfinder\bootstrap\compiled.php(7706): Illuminate\Foundation\Application->handle(Object(Illuminate\Http\Request), 1, true)
#6 D:\Programs\Zend\Apache2\htdocs\elfinder\bootstrap\compiled.php(8309): Illuminate\Session\Middleware->handle(Object(Illuminate\Http\Request), 1, true)
#7 D:\Programs\Zend\Apache2\htdocs\elfinder\bootstrap\compiled.php(8256): Illuminate\Cookie\Queue->handle(Object(Illuminate\Http\Request), 1, true)
#8 D:\Programs\Zend\Apache2\htdocs\elfinder\bootstrap\compiled.php(10895): Illuminate\Cookie\Guard->handle(Object(Illuminate\Http\Request), 1, true)
#9 D:\Programs\Zend\Apache2\htdocs\elfinder\bootstrap\compiled.php(659): Stack\StackedHttpKernel->handle(Object(Illuminate\Http\Request))
#10 D:\Programs\Zend\Apache2\htdocs\elfinder\public\index.php(49): Illuminate\Foundation\Application->run()
#11 {main} [] []
[2014-09-03 22:09:45] production.ERROR: exception 'Symfony\Component\HttpKernel\Exception\NotFoundHttpException' in D:\Programs\Zend\Apache2\htdocs\elfinder\bootstrap\compiled.php:5687
Stack trace:
#0 D:\Programs\Zend\Apache2\htdocs\elfinder\bootstrap\compiled.php(5004): Illuminate\Routing\RouteCollection->match(Object(Illuminate\Http\Request))
#1 D:\Programs\Zend\Apache2\htdocs\elfinder\bootstrap\compiled.php(4992): Illuminate\Routing\Router->findRoute(Object(Illuminate\Http\Request))
#2 D:\Programs\Zend\Apache2\htdocs\elfinder\bootstrap\compiled.php(4984): Illuminate\Routing\Router->dispatchToRoute(Object(Illuminate\Http\Request))
#3 D:\Programs\Zend\Apache2\htdocs\elfinder\bootstrap\compiled.php(717): Illuminate\Routing\Router->dispatch(Object(Illuminate\Http\Request))
#4 D:\Programs\Zend\Apache2\htdocs\elfinder\bootstrap\compiled.php(698): Illuminate\Foundation\Application->dispatch(Object(Illuminate\Http\Request))
#5 D:\Programs\Zend\Apache2\htdocs\elfinder\bootstrap\compiled.php(7706): Illuminate\Foundation\Application->handle(Object(Illuminate\Http\Request), 1, true)
#6 D:\Programs\Zend\Apache2\htdocs\elfinder\bootstrap\compiled.php(8309): Illuminate\Session\Middleware->handle(Object(Illuminate\Http\Request), 1, true)
#7 D:\Programs\Zend\Apache2\htdocs\elfinder\bootstrap\compiled.php(8256): Illuminate\Cookie\Queue->handle(Object(Illuminate\Http\Request), 1, true)
#8 D:\Programs\Zend\Apache2\htdocs\elfinder\bootstrap\compiled.php(10895): Illuminate\Cookie\Guard->handle(Object(Illuminate\Http\Request), 1, true)
#9 D:\Programs\Zend\Apache2\htdocs\elfinder\bootstrap\compiled.php(659): Stack\StackedHttpKernel->handle(Object(Illuminate\Http\Request))
#10 D:\Programs\Zend\Apache2\htdocs\elfinder\public\index.php(49): Illuminate\Foundation\Application->run()
#11 {main} [] []
[2014-09-03 22:35:31] production.ERROR: exception 'Symfony\Component\HttpKernel\Exception\NotFoundHttpException' in D:\Programs\Zend\Apache2\htdocs\elfinder\vendor\laravel\framework\src\Illuminate\Routing\RouteCollection.php:148
Stack trace:
#0 D:\Programs\Zend\Apache2\htdocs\elfinder\vendor\laravel\framework\src\Illuminate\Routing\Router.php(1049): Illuminate\Routing\RouteCollection->match(Object(Illuminate\Http\Request))
#1 D:\Programs\Zend\Apache2\htdocs\elfinder\vendor\laravel\framework\src\Illuminate\Routing\Router.php(1017): Illuminate\Routing\Router->findRoute(Object(Illuminate\Http\Request))
#2 D:\Programs\Zend\Apache2\htdocs\elfinder\vendor\laravel\framework\src\Illuminate\Routing\Router.php(996): Illuminate\Routing\Router->dispatchToRoute(Object(Illuminate\Http\Request))
#3 D:\Programs\Zend\Apache2\htdocs\elfinder\vendor\laravel\framework\src\Illuminate\Foundation\Application.php(776): Illuminate\Routing\Router->dispatch(Object(Illuminate\Http\Request))
#4 D:\Programs\Zend\Apache2\htdocs\elfinder\vendor\laravel\framework\src\Illuminate\Foundation\Application.php(746): Illuminate\Foundation\Application->dispatch(Object(Illuminate\Http\Request))
#5 D:\Programs\Zend\Apache2\htdocs\elfinder\vendor\laravel\framework\src\Illuminate\Session\Middleware.php(72): Illuminate\Foundation\Application->handle(Object(Illuminate\Http\Request), 1, true)
#6 D:\Programs\Zend\Apache2\htdocs\elfinder\vendor\laravel\framework\src\Illuminate\Cookie\Queue.php(47): Illuminate\Session\Middleware->handle(Object(Illuminate\Http\Request), 1, true)
#7 D:\Programs\Zend\Apache2\htdocs\elfinder\vendor\laravel\framework\src\Illuminate\Cookie\Guard.php(51): Illuminate\Cookie\Queue->handle(Object(Illuminate\Http\Request), 1, true)
#8 D:\Programs\Zend\Apache2\htdocs\elfinder\vendor\stack\builder\src\Stack\StackedHttpKernel.php(23): Illuminate\Cookie\Guard->handle(Object(Illuminate\Http\Request), 1, true)
#9 D:\Programs\Zend\Apache2\htdocs\elfinder\vendor\laravel\framework\src\Illuminate\Foundation\Application.php(642): Stack\StackedHttpKernel->handle(Object(Illuminate\Http\Request))
#10 D:\Programs\Zend\Apache2\htdocs\elfinder\public\index.php(49): Illuminate\Foundation\Application->run()
#11 {main} [] []
[2014-09-05 16:45:31] production.ERROR: exception 'Symfony\Component\HttpKernel\Exception\NotFoundHttpException' in D:\Programs\Zend\Apache2\htdocs\elfinder\vendor\laravel\framework\src\Illuminate\Routing\RouteCollection.php:148
Stack trace:
#0 D:\Programs\Zend\Apache2\htdocs\elfinder\vendor\laravel\framework\src\Illuminate\Routing\Router.php(1049): Illuminate\Routing\RouteCollection->match(Object(Illuminate\Http\Request))
#1 D:\Programs\Zend\Apache2\htdocs\elfinder\vendor\laravel\framework\src\Illuminate\Routing\Router.php(1017): Illuminate\Routing\Router->findRoute(Object(Illuminate\Http\Request))
#2 D:\Programs\Zend\Apache2\htdocs\elfinder\vendor\laravel\framework\src\Illuminate\Routing\Router.php(996): Illuminate\Routing\Router->dispatchToRoute(Object(Illuminate\Http\Request))
#3 D:\Programs\Zend\Apache2\htdocs\elfinder\vendor\laravel\framework\src\Illuminate\Foundation\Application.php(776): Illuminate\Routing\Router->dispatch(Object(Illuminate\Http\Request))
#4 D:\Programs\Zend\Apache2\htdocs\elfinder\vendor\laravel\framework\src\Illuminate\Foundation\Application.php(746): Illuminate\Foundation\Application->dispatch(Object(Illuminate\Http\Request))
#5 D:\Programs\Zend\Apache2\htdocs\elfinder\vendor\laravel\framework\src\Illuminate\Session\Middleware.php(72): Illuminate\Foundation\Application->handle(Object(Illuminate\Http\Request), 1, true)
#6 D:\Programs\Zend\Apache2\htdocs\elfinder\vendor\laravel\framework\src\Illuminate\Cookie\Queue.php(47): Illuminate\Session\Middleware->handle(Object(Illuminate\Http\Request), 1, true)
#7 D:\Programs\Zend\Apache2\htdocs\elfinder\vendor\laravel\framework\src\Illuminate\Cookie\Guard.php(51): Illuminate\Cookie\Queue->handle(Object(Illuminate\Http\Request), 1, true)
#8 D:\Programs\Zend\Apache2\htdocs\elfinder\vendor\stack\builder\src\Stack\StackedHttpKernel.php(23): Illuminate\Cookie\Guard->handle(Object(Illuminate\Http\Request), 1, true)
#9 D:\Programs\Zend\Apache2\htdocs\elfinder\vendor\laravel\framework\src\Illuminate\Foundation\Application.php(642): Stack\StackedHttpKernel->handle(Object(Illuminate\Http\Request))
#10 D:\Programs\Zend\Apache2\htdocs\elfinder\public\index.php(49): Illuminate\Foundation\Application->run()
#11 {main} [] []
[2014-09-05 21:05:46] production.ERROR: exception 'Symfony\Component\HttpKernel\Exception\NotFoundHttpException' in D:\Programs\Zend\Apache2\htdocs\elfinder\vendor\laravel\framework\src\Illuminate\Routing\RouteCollection.php:148
Stack trace:
#0 D:\Programs\Zend\Apache2\htdocs\elfinder\vendor\laravel\framework\src\Illuminate\Routing\Router.php(1049): Illuminate\Routing\RouteCollection->match(Object(Illuminate\Http\Request))
#1 D:\Programs\Zend\Apache2\htdocs\elfinder\vendor\laravel\framework\src\Illuminate\Routing\Router.php(1017): Illuminate\Routing\Router->findRoute(Object(Illuminate\Http\Request))
#2 D:\Programs\Zend\Apache2\htdocs\elfinder\vendor\laravel\framework\src\Illuminate\Routing\Router.php(996): Illuminate\Routing\Router->dispatchToRoute(Object(Illuminate\Http\Request))
#3 D:\Programs\Zend\Apache2\htdocs\elfinder\vendor\laravel\framework\src\Illuminate\Foundation\Application.php(776): Illuminate\Routing\Router->dispatch(Object(Illuminate\Http\Request))
#4 D:\Programs\Zend\Apache2\htdocs\elfinder\vendor\laravel\framework\src\Illuminate\Foundation\Application.php(746): Illuminate\Foundation\Application->dispatch(Object(Illuminate\Http\Request))
#5 D:\Programs\Zend\Apache2\htdocs\elfinder\vendor\laravel\framework\src\Illuminate\Session\Middleware.php(72): Illuminate\Foundation\Application->handle(Object(Illuminate\Http\Request), 1, true)
#6 D:\Programs\Zend\Apache2\htdocs\elfinder\vendor\laravel\framework\src\Illuminate\Cookie\Queue.php(47): Illuminate\Session\Middleware->handle(Object(Illuminate\Http\Request), 1, true)
#7 D:\Programs\Zend\Apache2\htdocs\elfinder\vendor\laravel\framework\src\Illuminate\Cookie\Guard.php(51): Illuminate\Cookie\Queue->handle(Object(Illuminate\Http\Request), 1, true)
#8 D:\Programs\Zend\Apache2\htdocs\elfinder\vendor\stack\builder\src\Stack\StackedHttpKernel.php(23): Illuminate\Cookie\Guard->handle(Object(Illuminate\Http\Request), 1, true)
#9 D:\Programs\Zend\Apache2\htdocs\elfinder\vendor\laravel\framework\src\Illuminate\Foundation\Application.php(642): Stack\StackedHttpKernel->handle(Object(Illuminate\Http\Request))
#10 D:\Programs\Zend\Apache2\htdocs\elfinder\public\index.php(49): Illuminate\Foundation\Application->run()
#11 {main} [] []
[2014-09-05 21:07:30] production.ERROR: exception 'Symfony\Component\HttpKernel\Exception\NotFoundHttpException' in D:\Programs\Zend\Apache2\htdocs\elfinder\vendor\laravel\framework\src\Illuminate\Routing\RouteCollection.php:148
Stack trace:
#0 D:\Programs\Zend\Apache2\htdocs\elfinder\vendor\laravel\framework\src\Illuminate\Routing\Router.php(1049): Illuminate\Routing\RouteCollection->match(Object(Illuminate\Http\Request))
#1 D:\Programs\Zend\Apache2\htdocs\elfinder\vendor\laravel\framework\src\Illuminate\Routing\Router.php(1017): Illuminate\Routing\Router->findRoute(Object(Illuminate\Http\Request))
#2 D:\Programs\Zend\Apache2\htdocs\elfinder\vendor\laravel\framework\src\Illuminate\Routing\Router.php(996): Illuminate\Routing\Router->dispatchToRoute(Object(Illuminate\Http\Request))
#3 D:\Programs\Zend\Apache2\htdocs\elfinder\vendor\laravel\framework\src\Illuminate\Foundation\Application.php(776): Illuminate\Routing\Router->dispatch(Object(Illuminate\Http\Request))
#4 D:\Programs\Zend\Apache2\htdocs\elfinder\vendor\laravel\framework\src\Illuminate\Foundation\Application.php(746): Illuminate\Foundation\Application->dispatch(Object(Illuminate\Http\Request))
#5 D:\Programs\Zend\Apache2\htdocs\elfinder\vendor\laravel\framework\src\Illuminate\Session\Middleware.php(72): Illuminate\Foundation\Application->handle(Object(Illuminate\Http\Request), 1, true)
#6 D:\Programs\Zend\Apache2\htdocs\elfinder\vendor\laravel\framework\src\Illuminate\Cookie\Queue.php(47): Illuminate\Session\Middleware->handle(Object(Illuminate\Http\Request), 1, true)
#7 D:\Programs\Zend\Apache2\htdocs\elfinder\vendor\laravel\framework\src\Illuminate\Cookie\Guard.php(51): Illuminate\Cookie\Queue->handle(Object(Illuminate\Http\Request), 1, true)
#8 D:\Programs\Zend\Apache2\htdocs\elfinder\vendor\stack\builder\src\Stack\StackedHttpKernel.php(23): Illuminate\Cookie\Guard->handle(Object(Illuminate\Http\Request), 1, true)
#9 D:\Programs\Zend\Apache2\htdocs\elfinder\vendor\laravel\framework\src\Illuminate\Foundation\Application.php(642): Stack\StackedHttpKernel->handle(Object(Illuminate\Http\Request))
#10 D:\Programs\Zend\Apache2\htdocs\elfinder\public\index.php(49): Illuminate\Foundation\Application->run()
#11 {main} [] []
[2014-09-11 18:37:15] production.ERROR: exception 'Symfony\Component\HttpKernel\Exception\NotFoundHttpException' in D:\Programs\Zend\Apache2\htdocs\elfinder\vendor\laravel\framework\src\Illuminate\Routing\RouteCollection.php:148
Stack trace:
#0 D:\Programs\Zend\Apache2\htdocs\elfinder\vendor\laravel\framework\src\Illuminate\Routing\Router.php(1049): Illuminate\Routing\RouteCollection->match(Object(Illuminate\Http\Request))
#1 D:\Programs\Zend\Apache2\htdocs\elfinder\vendor\laravel\framework\src\Illuminate\Routing\Router.php(1017): Illuminate\Routing\Router->findRoute(Object(Illuminate\Http\Request))
#2 D:\Programs\Zend\Apache2\htdocs\elfinder\vendor\laravel\framework\src\Illuminate\Routing\Router.php(996): Illuminate\Routing\Router->dispatchToRoute(Object(Illuminate\Http\Request))
#3 D:\Programs\Zend\Apache2\htdocs\elfinder\vendor\laravel\framework\src\Illuminate\Foundation\Application.php(776): Illuminate\Routing\Router->dispatch(Object(Illuminate\Http\Request))
#4 D:\Programs\Zend\Apache2\htdocs\elfinder\vendor\laravel\framework\src\Illuminate\Foundation\Application.php(746): Illuminate\Foundation\Application->dispatch(Object(Illuminate\Http\Request))
#5 D:\Programs\Zend\Apache2\htdocs\elfinder\vendor\laravel\framework\src\Illuminate\Session\Middleware.php(72): Illuminate\Foundation\Application->handle(Object(Illuminate\Http\Request), 1, true)
#6 D:\Programs\Zend\Apache2\htdocs\elfinder\vendor\laravel\framework\src\Illuminate\Cookie\Queue.php(47): Illuminate\Session\Middleware->handle(Object(Illuminate\Http\Request), 1, true)
#7 D:\Programs\Zend\Apache2\htdocs\elfinder\vendor\laravel\framework\src\Illuminate\Cookie\Guard.php(51): Illuminate\Cookie\Queue->handle(Object(Illuminate\Http\Request), 1, true)
#8 D:\Programs\Zend\Apache2\htdocs\elfinder\vendor\stack\builder\src\Stack\StackedHttpKernel.php(23): Illuminate\Cookie\Guard->handle(Object(Illuminate\Http\Request), 1, true)
#9 D:\Programs\Zend\Apache2\htdocs\elfinder\vendor\laravel\framework\src\Illuminate\Foundation\Application.php(642): Stack\StackedHttpKernel->handle(Object(Illuminate\Http\Request))
#10 D:\Programs\Zend\Apache2\htdocs\elfinder\public\index.php(49): Illuminate\Foundation\Application->run()
#11 {main} [] []
[2014-09-11 18:37:31] production.ERROR: exception 'Symfony\Component\HttpKernel\Exception\NotFoundHttpException' in D:\Programs\Zend\Apache2\htdocs\elfinder\vendor\laravel\framework\src\Illuminate\Routing\RouteCollection.php:148
Stack trace:
#0 D:\Programs\Zend\Apache2\htdocs\elfinder\vendor\laravel\framework\src\Illuminate\Routing\Router.php(1049): Illuminate\Routing\RouteCollection->match(Object(Illuminate\Http\Request))
#1 D:\Programs\Zend\Apache2\htdocs\elfinder\vendor\laravel\framework\src\Illuminate\Routing\Router.php(1017): Illuminate\Routing\Router->findRoute(Object(Illuminate\Http\Request))
#2 D:\Programs\Zend\Apache2\htdocs\elfinder\vendor\laravel\framework\src\Illuminate\Routing\Router.php(996): Illuminate\Routing\Router->dispatchToRoute(Object(Illuminate\Http\Request))
#3 D:\Programs\Zend\Apache2\htdocs\elfinder\vendor\laravel\framework\src\Illuminate\Foundation\Application.php(776): Illuminate\Routing\Router->dispatch(Object(Illuminate\Http\Request))
#4 D:\Programs\Zend\Apache2\htdocs\elfinder\vendor\laravel\framework\src\Illuminate\Foundation\Application.php(746): Illuminate\Foundation\Application->dispatch(Object(Illuminate\Http\Request))
#5 D:\Programs\Zend\Apache2\htdocs\elfinder\vendor\laravel\framework\src\Illuminate\Session\Middleware.php(72): Illuminate\Foundation\Application->handle(Object(Illuminate\Http\Request), 1, true)
#6 D:\Programs\Zend\Apache2\htdocs\elfinder\vendor\laravel\framework\src\Illuminate\Cookie\Queue.php(47): Illuminate\Session\Middleware->handle(Object(Illuminate\Http\Request), 1, true)
#7 D:\Programs\Zend\Apache2\htdocs\elfinder\vendor\laravel\framework\src\Illuminate\Cookie\Guard.php(51): Illuminate\Cookie\Queue->handle(Object(Illuminate\Http\Request), 1, true)
#8 D:\Programs\Zend\Apache2\htdocs\elfinder\vendor\stack\builder\src\Stack\StackedHttpKernel.php(23): Illuminate\Cookie\Guard->handle(Object(Illuminate\Http\Request), 1, true)
#9 D:\Programs\Zend\Apache2\htdocs\elfinder\vendor\laravel\framework\src\Illuminate\Foundation\Application.php(642): Stack\StackedHttpKernel->handle(Object(Illuminate\Http\Request))
#10 D:\Programs\Zend\Apache2\htdocs\elfinder\public\index.php(49): Illuminate\Foundation\Application->run()
#11 {main} [] []
[2014-09-11 18:37:46] production.ERROR: exception 'Symfony\Component\HttpKernel\Exception\NotFoundHttpException' in D:\Programs\Zend\Apache2\htdocs\elfinder\vendor\laravel\framework\src\Illuminate\Routing\RouteCollection.php:148
Stack trace:
#0 D:\Programs\Zend\Apache2\htdocs\elfinder\vendor\laravel\framework\src\Illuminate\Routing\Router.php(1049): Illuminate\Routing\RouteCollection->match(Object(Illuminate\Http\Request))
#1 D:\Programs\Zend\Apache2\htdocs\elfinder\vendor\laravel\framework\src\Illuminate\Routing\Router.php(1017): Illuminate\Routing\Router->findRoute(Object(Illuminate\Http\Request))
#2 D:\Programs\Zend\Apache2\htdocs\elfinder\vendor\laravel\framework\src\Illuminate\Routing\Router.php(996): Illuminate\Routing\Router->dispatchToRoute(Object(Illuminate\Http\Request))
#3 D:\Programs\Zend\Apache2\htdocs\elfinder\vendor\laravel\framework\src\Illuminate\Foundation\Application.php(776): Illuminate\Routing\Router->dispatch(Object(Illuminate\Http\Request))
#4 D:\Programs\Zend\Apache2\htdocs\elfinder\vendor\laravel\framework\src\Illuminate\Foundation\Application.php(746): Illuminate\Foundation\Application->dispatch(Object(Illuminate\Http\Request))
#5 D:\Programs\Zend\Apache2\htdocs\elfinder\vendor\laravel\framework\src\Illuminate\Session\Middleware.php(72): Illuminate\Foundation\Application->handle(Object(Illuminate\Http\Request), 1, true)
#6 D:\Programs\Zend\Apache2\htdocs\elfinder\vendor\laravel\framework\src\Illuminate\Cookie\Queue.php(47): Illuminate\Session\Middleware->handle(Object(Illuminate\Http\Request), 1, true)
#7 D:\Programs\Zend\Apache2\htdocs\elfinder\vendor\laravel\framework\src\Illuminate\Cookie\Guard.php(51): Illuminate\Cookie\Queue->handle(Object(Illuminate\Http\Request), 1, true)
#8 D:\Programs\Zend\Apache2\htdocs\elfinder\vendor\stack\builder\src\Stack\StackedHttpKernel.php(23): Illuminate\Cookie\Guard->handle(Object(Illuminate\Http\Request), 1, true)
#9 D:\Programs\Zend\Apache2\htdocs\elfinder\vendor\laravel\framework\src\Illuminate\Foundation\Application.php(642): Stack\StackedHttpKernel->handle(Object(Illuminate\Http\Request))
#10 D:\Programs\Zend\Apache2\htdocs\elfinder\public\index.php(49): Illuminate\Foundation\Application->run()
#11 {main} [] []
[2014-09-11 18:39:47] production.ERROR: exception 'Symfony\Component\HttpKernel\Exception\NotFoundHttpException' in D:\Programs\Zend\Apache2\htdocs\elfinder\vendor\laravel\framework\src\Illuminate\Routing\RouteCollection.php:148
Stack trace:
#0 D:\Programs\Zend\Apache2\htdocs\elfinder\vendor\laravel\framework\src\Illuminate\Routing\Router.php(1049): Illuminate\Routing\RouteCollection->match(Object(Illuminate\Http\Request))
#1 D:\Programs\Zend\Apache2\htdocs\elfinder\vendor\laravel\framework\src\Illuminate\Routing\Router.php(1017): Illuminate\Routing\Router->findRoute(Object(Illuminate\Http\Request))
#2 D:\Programs\Zend\Apache2\htdocs\elfinder\vendor\laravel\framework\src\Illuminate\Routing\Router.php(996): Illuminate\Routing\Router->dispatchToRoute(Object(Illuminate\Http\Request))
#3 D:\Programs\Zend\Apache2\htdocs\elfinder\vendor\laravel\framework\src\Illuminate\Foundation\Application.php(776): Illuminate\Routing\Router->dispatch(Object(Illuminate\Http\Request))
#4 D:\Programs\Zend\Apache2\htdocs\elfinder\vendor\laravel\framework\src\Illuminate\Foundation\Application.php(746): Illuminate\Foundation\Application->dispatch(Object(Illuminate\Http\Request))
#5 D:\Programs\Zend\Apache2\htdocs\elfinder\vendor\laravel\framework\src\Illuminate\Session\Middleware.php(72): Illuminate\Foundation\Application->handle(Object(Illuminate\Http\Request), 1, true)
#6 D:\Programs\Zend\Apache2\htdocs\elfinder\vendor\laravel\framework\src\Illuminate\Cookie\Queue.php(47): Illuminate\Session\Middleware->handle(Object(Illuminate\Http\Request), 1, true)
#7 D:\Programs\Zend\Apache2\htdocs\elfinder\vendor\laravel\framework\src\Illuminate\Cookie\Guard.php(51): Illuminate\Cookie\Queue->handle(Object(Illuminate\Http\Request), 1, true)
#8 D:\Programs\Zend\Apache2\htdocs\elfinder\vendor\stack\builder\src\Stack\StackedHttpKernel.php(23): Illuminate\Cookie\Guard->handle(Object(Illuminate\Http\Request), 1, true)
#9 D:\Programs\Zend\Apache2\htdocs\elfinder\vendor\laravel\framework\src\Illuminate\Foundation\Application.php(642): Stack\StackedHttpKernel->handle(Object(Illuminate\Http\Request))
#10 D:\Programs\Zend\Apache2\htdocs\elfinder\public\index.php(49): Illuminate\Foundation\Application->run()
#11 {main} [] []
[2014-09-11 18:39:50] production.ERROR: exception 'Symfony\Component\HttpKernel\Exception\NotFoundHttpException' in D:\Programs\Zend\Apache2\htdocs\elfinder\vendor\laravel\framework\src\Illuminate\Routing\RouteCollection.php:148
Stack trace:
#0 D:\Programs\Zend\Apache2\htdocs\elfinder\vendor\laravel\framework\src\Illuminate\Routing\Router.php(1049): Illuminate\Routing\RouteCollection->match(Object(Illuminate\Http\Request))
#1 D:\Programs\Zend\Apache2\htdocs\elfinder\vendor\laravel\framework\src\Illuminate\Routing\Router.php(1017): Illuminate\Routing\Router->findRoute(Object(Illuminate\Http\Request))
#2 D:\Programs\Zend\Apache2\htdocs\elfinder\vendor\laravel\framework\src\Illuminate\Routing\Router.php(996): Illuminate\Routing\Router->dispatchToRoute(Object(Illuminate\Http\Request))
#3 D:\Programs\Zend\Apache2\htdocs\elfinder\vendor\laravel\framework\src\Illuminate\Foundation\Application.php(776): Illuminate\Routing\Router->dispatch(Object(Illuminate\Http\Request))
#4 D:\Programs\Zend\Apache2\htdocs\elfinder\vendor\laravel\framework\src\Illuminate\Foundation\Application.php(746): Illuminate\Foundation\Application->dispatch(Object(Illuminate\Http\Request))
#5 D:\Programs\Zend\Apache2\htdocs\elfinder\vendor\laravel\framework\src\Illuminate\Session\Middleware.php(72): Illuminate\Foundation\Application->handle(Object(Illuminate\Http\Request), 1, true)
#6 D:\Programs\Zend\Apache2\htdocs\elfinder\vendor\laravel\framework\src\Illuminate\Cookie\Queue.php(47): Illuminate\Session\Middleware->handle(Object(Illuminate\Http\Request), 1, true)
#7 D:\Programs\Zend\Apache2\htdocs\elfinder\vendor\laravel\framework\src\Illuminate\Cookie\Guard.php(51): Illuminate\Cookie\Queue->handle(Object(Illuminate\Http\Request), 1, true)
#8 D:\Programs\Zend\Apache2\htdocs\elfinder\vendor\stack\builder\src\Stack\StackedHttpKernel.php(23): Illuminate\Cookie\Guard->handle(Object(Illuminate\Http\Request), 1, true)
#9 D:\Programs\Zend\Apache2\htdocs\elfinder\vendor\laravel\framework\src\Illuminate\Foundation\Application.php(642): Stack\StackedHttpKernel->handle(Object(Illuminate\Http\Request))
#10 D:\Programs\Zend\Apache2\htdocs\elfinder\public\index.php(49): Illuminate\Foundation\Application->run()
#11 {main} [] []
[2014-09-11 21:16:34] production.ERROR: exception 'InvalidArgumentException' with message 'There are no commands defined in the "bundle" namespace.' in D:\Programs\Zend\Apache2\htdocs\elfinder\vendor\symfony\console\Symfony\Component\Console\Application.php:516
Stack trace:
#0 D:\Programs\Zend\Apache2\htdocs\elfinder\vendor\symfony\console\Symfony\Component\Console\Application.php(550): Symfony\Component\Console\Application->findNamespace('bundle')
#1 D:\Programs\Zend\Apache2\htdocs\elfinder\vendor\symfony\console\Symfony\Component\Console\Application.php(190): Symfony\Component\Console\Application->find('bundle:install')
#2 D:\Programs\Zend\Apache2\htdocs\elfinder\vendor\symfony\console\Symfony\Component\Console\Application.php(124): Symfony\Component\Console\Application->doRun(Object(Symfony\Component\Console\Input\ArgvInput), Object(Symfony\Component\Console\Output\ConsoleOutput))
#3 D:\Programs\Zend\Apache2\htdocs\elfinder\artisan(59): Symfony\Component\Console\Application->run()
#4 {main} [] []
[2014-09-11 21:17:03] production.ERROR: exception 'InvalidArgumentException' with message 'There are no commands defined in the "bundle" namespace.' in D:\Programs\Zend\Apache2\htdocs\elfinder\vendor\symfony\console\Symfony\Component\Console\Application.php:516
Stack trace:
#0 D:\Programs\Zend\Apache2\htdocs\elfinder\vendor\symfony\console\Symfony\Component\Console\Application.php(550): Symfony\Component\Console\Application->findNamespace('bundle')
#1 D:\Programs\Zend\Apache2\htdocs\elfinder\vendor\symfony\console\Symfony\Component\Console\Application.php(190): Symfony\Component\Console\Application->find('bundle:install')
#2 D:\Programs\Zend\Apache2\htdocs\elfinder\vendor\symfony\console\Symfony\Component\Console\Application.php(124): Symfony\Component\Console\Application->doRun(Object(Symfony\Component\Console\Input\ArgvInput), Object(Symfony\Component\Console\Output\ConsoleOutput))
#3 D:\Programs\Zend\Apache2\htdocs\elfinder\artisan(59): Symfony\Component\Console\Application->run()
#4 {main} [] []
[2014-09-17 19:10:39] production.ERROR: exception 'Symfony\Component\HttpKernel\Exception\NotFoundHttpException' in D:\Programs\zend\Apache2\htdocs\elfinder\vendor\laravel\framework\src\Illuminate\Routing\RouteCollection.php:148
Stack trace:
#0 D:\Programs\zend\Apache2\htdocs\elfinder\vendor\laravel\framework\src\Illuminate\Routing\Router.php(1049): Illuminate\Routing\RouteCollection->match(Object(Illuminate\Http\Request))
#1 D:\Programs\zend\Apache2\htdocs\elfinder\vendor\laravel\framework\src\Illuminate\Routing\Router.php(1017): Illuminate\Routing\Router->findRoute(Object(Illuminate\Http\Request))
#2 D:\Programs\zend\Apache2\htdocs\elfinder\vendor\laravel\framework\src\Illuminate\Routing\Router.php(996): Illuminate\Routing\Router->dispatchToRoute(Object(Illuminate\Http\Request))
#3 D:\Programs\zend\Apache2\htdocs\elfinder\vendor\laravel\framework\src\Illuminate\Foundation\Application.php(776): Illuminate\Routing\Router->dispatch(Object(Illuminate\Http\Request))
#4 D:\Programs\zend\Apache2\htdocs\elfinder\vendor\laravel\framework\src\Illuminate\Foundation\Application.php(746): Illuminate\Foundation\Application->dispatch(Object(Illuminate\Http\Request))
#5 D:\Programs\zend\Apache2\htdocs\elfinder\vendor\laravel\framework\src\Illuminate\Session\Middleware.php(72): Illuminate\Foundation\Application->handle(Object(Illuminate\Http\Request), 1, true)
#6 D:\Programs\zend\Apache2\htdocs\elfinder\vendor\laravel\framework\src\Illuminate\Cookie\Queue.php(47): Illuminate\Session\Middleware->handle(Object(Illuminate\Http\Request), 1, true)
#7 D:\Programs\zend\Apache2\htdocs\elfinder\vendor\laravel\framework\src\Illuminate\Cookie\Guard.php(51): Illuminate\Cookie\Queue->handle(Object(Illuminate\Http\Request), 1, true)
#8 D:\Programs\zend\Apache2\htdocs\elfinder\vendor\stack\builder\src\Stack\StackedHttpKernel.php(23): Illuminate\Cookie\Guard->handle(Object(Illuminate\Http\Request), 1, true)
#9 D:\Programs\zend\Apache2\htdocs\elfinder\vendor\laravel\framework\src\Illuminate\Foundation\Application.php(642): Stack\StackedHttpKernel->handle(Object(Illuminate\Http\Request))
#10 D:\Programs\zend\Apache2\htdocs\elfinder\public\index.php(49): Illuminate\Foundation\Application->run()
#11 {main} [] []
[2014-09-17 19:11:31] production.ERROR: exception 'Symfony\Component\HttpKernel\Exception\NotFoundHttpException' in D:\Programs\zend\Apache2\htdocs\elfinder\vendor\laravel\framework\src\Illuminate\Routing\RouteCollection.php:148
Stack trace:
#0 D:\Programs\zend\Apache2\htdocs\elfinder\vendor\laravel\framework\src\Illuminate\Routing\Router.php(1049): Illuminate\Routing\RouteCollection->match(Object(Illuminate\Http\Request))
#1 D:\Programs\zend\Apache2\htdocs\elfinder\vendor\laravel\framework\src\Illuminate\Routing\Router.php(1017): Illuminate\Routing\Router->findRoute(Object(Illuminate\Http\Request))
#2 D:\Programs\zend\Apache2\htdocs\elfinder\vendor\laravel\framework\src\Illuminate\Routing\Router.php(996): Illuminate\Routing\Router->dispatchToRoute(Object(Illuminate\Http\Request))
#3 D:\Programs\zend\Apache2\htdocs\elfinder\vendor\laravel\framework\src\Illuminate\Foundation\Application.php(776): Illuminate\Routing\Router->dispatch(Object(Illuminate\Http\Request))
#4 D:\Programs\zend\Apache2\htdocs\elfinder\vendor\laravel\framework\src\Illuminate\Foundation\Application.php(746): Illuminate\Foundation\Application->dispatch(Object(Illuminate\Http\Request))
#5 D:\Programs\zend\Apache2\htdocs\elfinder\vendor\laravel\framework\src\Illuminate\Session\Middleware.php(72): Illuminate\Foundation\Application->handle(Object(Illuminate\Http\Request), 1, true)
#6 D:\Programs\zend\Apache2\htdocs\elfinder\vendor\laravel\framework\src\Illuminate\Cookie\Queue.php(47): Illuminate\Session\Middleware->handle(Object(Illuminate\Http\Request), 1, true)
#7 D:\Programs\zend\Apache2\htdocs\elfinder\vendor\laravel\framework\src\Illuminate\Cookie\Guard.php(51): Illuminate\Cookie\Queue->handle(Object(Illuminate\Http\Request), 1, true)
#8 D:\Programs\zend\Apache2\htdocs\elfinder\vendor\stack\builder\src\Stack\StackedHttpKernel.php(23): Illuminate\Cookie\Guard->handle(Object(Illuminate\Http\Request), 1, true)
#9 D:\Programs\zend\Apache2\htdocs\elfinder\vendor\laravel\framework\src\Illuminate\Foundation\Application.php(642): Stack\StackedHttpKernel->handle(Object(Illuminate\Http\Request))
#10 D:\Programs\zend\Apache2\htdocs\elfinder\public\index.php(49): Illuminate\Foundation\Application->run()
#11 {main} [] []
[2014-10-14 21:44:33] production.ERROR: exception 'Symfony\Component\HttpKernel\Exception\NotFoundHttpException' in D:\Programs\zend\Apache2\htdocs\elfinder\vendor\laravel\framework\src\Illuminate\Routing\RouteCollection.php:148
Stack trace:
#0 D:\Programs\zend\Apache2\htdocs\elfinder\vendor\laravel\framework\src\Illuminate\Routing\Router.php(1049): Illuminate\Routing\RouteCollection->match(Object(Illuminate\Http\Request))
#1 D:\Programs\zend\Apache2\htdocs\elfinder\vendor\laravel\framework\src\Illuminate\Routing\Router.php(1017): Illuminate\Routing\Router->findRoute(Object(Illuminate\Http\Request))
#2 D:\Programs\zend\Apache2\htdocs\elfinder\vendor\laravel\framework\src\Illuminate\Routing\Router.php(996): Illuminate\Routing\Router->dispatchToRoute(Object(Illuminate\Http\Request))
#3 D:\Programs\zend\Apache2\htdocs\elfinder\vendor\laravel\framework\src\Illuminate\Foundation\Application.php(775): Illuminate\Routing\Router->dispatch(Object(Illuminate\Http\Request))
#4 D:\Programs\zend\Apache2\htdocs\elfinder\vendor\laravel\framework\src\Illuminate\Foundation\Application.php(745): Illuminate\Foundation\Application->dispatch(Object(Illuminate\Http\Request))
#5 D:\Programs\zend\Apache2\htdocs\elfinder\vendor\laravel\framework\src\Illuminate\Session\Middleware.php(72): Illuminate\Foundation\Application->handle(Object(Illuminate\Http\Request), 1, true)
#6 D:\Programs\zend\Apache2\htdocs\elfinder\vendor\laravel\framework\src\Illuminate\Cookie\Queue.php(47): Illuminate\Session\Middleware->handle(Object(Illuminate\Http\Request), 1, true)
#7 D:\Programs\zend\Apache2\htdocs\elfinder\vendor\laravel\framework\src\Illuminate\Cookie\Guard.php(51): Illuminate\Cookie\Queue->handle(Object(Illuminate\Http\Request), 1, true)
#8 D:\Programs\zend\Apache2\htdocs\elfinder\vendor\stack\builder\src\Stack\StackedHttpKernel.php(23): Illuminate\Cookie\Guard->handle(Object(Illuminate\Http\Request), 1, true)
#9 D:\Programs\zend\Apache2\htdocs\elfinder\vendor\laravel\framework\src\Illuminate\Foundation\Application.php(641): Stack\StackedHttpKernel->handle(Object(Illuminate\Http\Request))
#10 D:\Programs\zend\Apache2\htdocs\elfinder\public\index.php(49): Illuminate\Foundation\Application->run()
#11 {main} [] []
[2014-10-14 21:46:14] production.ERROR: exception 'Symfony\Component\HttpKernel\Exception\NotFoundHttpException' in D:\Programs\zend\Apache2\htdocs\elfinder\vendor\laravel\framework\src\Illuminate\Routing\RouteCollection.php:148
Stack trace:
#0 D:\Programs\zend\Apache2\htdocs\elfinder\vendor\laravel\framework\src\Illuminate\Routing\Router.php(1049): Illuminate\Routing\RouteCollection->match(Object(Illuminate\Http\Request))
#1 D:\Programs\zend\Apache2\htdocs\elfinder\vendor\laravel\framework\src\Illuminate\Routing\Router.php(1017): Illuminate\Routing\Router->findRoute(Object(Illuminate\Http\Request))
#2 D:\Programs\zend\Apache2\htdocs\elfinder\vendor\laravel\framework\src\Illuminate\Routing\Router.php(996): Illuminate\Routing\Router->dispatchToRoute(Object(Illuminate\Http\Request))
#3 D:\Programs\zend\Apache2\htdocs\elfinder\vendor\laravel\framework\src\Illuminate\Foundation\Application.php(775): Illuminate\Routing\Router->dispatch(Object(Illuminate\Http\Request))
#4 D:\Programs\zend\Apache2\htdocs\elfinder\vendor\laravel\framework\src\Illuminate\Foundation\Application.php(745): Illuminate\Foundation\Application->dispatch(Object(Illuminate\Http\Request))
#5 D:\Programs\zend\Apache2\htdocs\elfinder\vendor\laravel\framework\src\Illuminate\Session\Middleware.php(72): Illuminate\Foundation\Application->handle(Object(Illuminate\Http\Request), 1, true)
#6 D:\Programs\zend\Apache2\htdocs\elfinder\vendor\laravel\framework\src\Illuminate\Cookie\Queue.php(47): Illuminate\Session\Middleware->handle(Object(Illuminate\Http\Request), 1, true)
#7 D:\Programs\zend\Apache2\htdocs\elfinder\vendor\laravel\framework\src\Illuminate\Cookie\Guard.php(51): Illuminate\Cookie\Queue->handle(Object(Illuminate\Http\Request), 1, true)
#8 D:\Programs\zend\Apache2\htdocs\elfinder\vendor\stack\builder\src\Stack\StackedHttpKernel.php(23): Illuminate\Cookie\Guard->handle(Object(Illuminate\Http\Request), 1, true)
#9 D:\Programs\zend\Apache2\htdocs\elfinder\vendor\laravel\framework\src\Illuminate\Foundation\Application.php(641): Stack\StackedHttpKernel->handle(Object(Illuminate\Http\Request))
#10 D:\Programs\zend\Apache2\htdocs\elfinder\public\index.php(49): Illuminate\Foundation\Application->run()
#11 {main} [] []
[2014-10-28 22:02:01] production.ERROR: exception 'Symfony\Component\HttpKernel\Exception\NotFoundHttpException' in D:\Programs\zend\Apache2\htdocs\elfinder\vendor\laravel\framework\src\Illuminate\Routing\RouteCollection.php:148
Stack trace:
#0 D:\Programs\zend\Apache2\htdocs\elfinder\vendor\laravel\framework\src\Illuminate\Routing\Router.php(1049): Illuminate\Routing\RouteCollection->match(Object(Illuminate\Http\Request))
#1 D:\Programs\zend\Apache2\htdocs\elfinder\vendor\laravel\framework\src\Illuminate\Routing\Router.php(1017): Illuminate\Routing\Router->findRoute(Object(Illuminate\Http\Request))
#2 D:\Programs\zend\Apache2\htdocs\elfinder\vendor\laravel\framework\src\Illuminate\Routing\Router.php(996): Illuminate\Routing\Router->dispatchToRoute(Object(Illuminate\Http\Request))
#3 D:\Programs\zend\Apache2\htdocs\elfinder\vendor\laravel\framework\src\Illuminate\Foundation\Application.php(775): Illuminate\Routing\Router->dispatch(Object(Illuminate\Http\Request))
#4 D:\Programs\zend\Apache2\htdocs\elfinder\vendor\laravel\framework\src\Illuminate\Foundation\Application.php(745): Illuminate\Foundation\Application->dispatch(Object(Illuminate\Http\Request))
#5 D:\Programs\zend\Apache2\htdocs\elfinder\vendor\laravel\framework\src\Illuminate\Session\Middleware.php(72): Illuminate\Foundation\Application->handle(Object(Illuminate\Http\Request), 1, true)
#6 D:\Programs\zend\Apache2\htdocs\elfinder\vendor\laravel\framework\src\Illuminate\Cookie\Queue.php(47): Illuminate\Session\Middleware->handle(Object(Illuminate\Http\Request), 1, true)
#7 D:\Programs\zend\Apache2\htdocs\elfinder\vendor\laravel\framework\src\Illuminate\Cookie\Guard.php(51): Illuminate\Cookie\Queue->handle(Object(Illuminate\Http\Request), 1, true)
#8 D:\Programs\zend\Apache2\htdocs\elfinder\vendor\stack\builder\src\Stack\StackedHttpKernel.php(23): Illuminate\Cookie\Guard->handle(Object(Illuminate\Http\Request), 1, true)
#9 D:\Programs\zend\Apache2\htdocs\elfinder\vendor\laravel\framework\src\Illuminate\Foundation\Application.php(641): Stack\StackedHttpKernel->handle(Object(Illuminate\Http\Request))
#10 D:\Programs\zend\Apache2\htdocs\elfinder\public\index.php(49): Illuminate\Foundation\Application->run()
#11 {main} [] []
[2014-10-28 22:05:06] production.ERROR: exception 'Symfony\Component\HttpKernel\Exception\NotFoundHttpException' in D:\Programs\zend\Apache2\htdocs\elfinder\vendor\laravel\framework\src\Illuminate\Routing\RouteCollection.php:148
Stack trace:
#0 D:\Programs\zend\Apache2\htdocs\elfinder\vendor\laravel\framework\src\Illuminate\Routing\Router.php(1049): Illuminate\Routing\RouteCollection->match(Object(Illuminate\Http\Request))
#1 D:\Programs\zend\Apache2\htdocs\elfinder\vendor\laravel\framework\src\Illuminate\Routing\Router.php(1017): Illuminate\Routing\Router->findRoute(Object(Illuminate\Http\Request))
#2 D:\Programs\zend\Apache2\htdocs\elfinder\vendor\laravel\framework\src\Illuminate\Routing\Router.php(996): Illuminate\Routing\Router->dispatchToRoute(Object(Illuminate\Http\Request))
#3 D:\Programs\zend\Apache2\htdocs\elfinder\vendor\laravel\framework\src\Illuminate\Foundation\Application.php(775): Illuminate\Routing\Router->dispatch(Object(Illuminate\Http\Request))
#4 D:\Programs\zend\Apache2\htdocs\elfinder\vendor\laravel\framework\src\Illuminate\Foundation\Application.php(745): Illuminate\Foundation\Application->dispatch(Object(Illuminate\Http\Request))
#5 D:\Programs\zend\Apache2\htdocs\elfinder\vendor\laravel\framework\src\Illuminate\Session\Middleware.php(72): Illuminate\Foundation\Application->handle(Object(Illuminate\Http\Request), 1, true)
#6 D:\Programs\zend\Apache2\htdocs\elfinder\vendor\laravel\framework\src\Illuminate\Cookie\Queue.php(47): Illuminate\Session\Middleware->handle(Object(Illuminate\Http\Request), 1, true)
#7 D:\Programs\zend\Apache2\htdocs\elfinder\vendor\laravel\framework\src\Illuminate\Cookie\Guard.php(51): Illuminate\Cookie\Queue->handle(Object(Illuminate\Http\Request), 1, true)
#8 D:\Programs\zend\Apache2\htdocs\elfinder\vendor\stack\builder\src\Stack\StackedHttpKernel.php(23): Illuminate\Cookie\Guard->handle(Object(Illuminate\Http\Request), 1, true)
#9 D:\Programs\zend\Apache2\htdocs\elfinder\vendor\laravel\framework\src\Illuminate\Foundation\Application.php(641): Stack\StackedHttpKernel->handle(Object(Illuminate\Http\Request))
#10 D:\Programs\zend\Apache2\htdocs\elfinder\public\index.php(49): Illuminate\Foundation\Application->run()
#11 {main} [] []
[2014-10-28 22:06:55] production.ERROR: exception 'Symfony\Component\HttpKernel\Exception\NotFoundHttpException' in D:\Programs\zend\Apache2\htdocs\elfinder\vendor\laravel\framework\src\Illuminate\Routing\RouteCollection.php:148
Stack trace:
#0 D:\Programs\zend\Apache2\htdocs\elfinder\vendor\laravel\framework\src\Illuminate\Routing\Router.php(1049): Illuminate\Routing\RouteCollection->match(Object(Illuminate\Http\Request))
#1 D:\Programs\zend\Apache2\htdocs\elfinder\vendor\laravel\framework\src\Illuminate\Routing\Router.php(1017): Illuminate\Routing\Router->findRoute(Object(Illuminate\Http\Request))
#2 D:\Programs\zend\Apache2\htdocs\elfinder\vendor\laravel\framework\src\Illuminate\Routing\Router.php(996): Illuminate\Routing\Router->dispatchToRoute(Object(Illuminate\Http\Request))
#3 D:\Programs\zend\Apache2\htdocs\elfinder\vendor\laravel\framework\src\Illuminate\Foundation\Application.php(775): Illuminate\Routing\Router->dispatch(Object(Illuminate\Http\Request))
#4 D:\Programs\zend\Apache2\htdocs\elfinder\vendor\laravel\framework\src\Illuminate\Foundation\Application.php(745): Illuminate\Foundation\Application->dispatch(Object(Illuminate\Http\Request))
#5 D:\Programs\zend\Apache2\htdocs\elfinder\vendor\laravel\framework\src\Illuminate\Session\Middleware.php(72): Illuminate\Foundation\Application->handle(Object(Illuminate\Http\Request), 1, true)
#6 D:\Programs\zend\Apache2\htdocs\elfinder\vendor\laravel\framework\src\Illuminate\Cookie\Queue.php(47): Illuminate\Session\Middleware->handle(Object(Illuminate\Http\Request), 1, true)
#7 D:\Programs\zend\Apache2\htdocs\elfinder\vendor\laravel\framework\src\Illuminate\Cookie\Guard.php(51): Illuminate\Cookie\Queue->handle(Object(Illuminate\Http\Request), 1, true)
#8 D:\Programs\zend\Apache2\htdocs\elfinder\vendor\stack\builder\src\Stack\StackedHttpKernel.php(23): Illuminate\Cookie\Guard->handle(Object(Illuminate\Http\Request), 1, true)
#9 D:\Programs\zend\Apache2\htdocs\elfinder\vendor\laravel\framework\src\Illuminate\Foundation\Application.php(641): Stack\StackedHttpKernel->handle(Object(Illuminate\Http\Request))
#10 D:\Programs\zend\Apache2\htdocs\elfinder\public\index.php(49): Illuminate\Foundation\Application->run()
#11 {main} [] []
[2014-10-28 22:08:11] production.ERROR: exception 'Symfony\Component\HttpKernel\Exception\NotFoundHttpException' in D:\Programs\zend\Apache2\htdocs\elfinder\vendor\laravel\framework\src\Illuminate\Routing\RouteCollection.php:148
Stack trace:
#0 D:\Programs\zend\Apache2\htdocs\elfinder\vendor\laravel\framework\src\Illuminate\Routing\Router.php(1049): Illuminate\Routing\RouteCollection->match(Object(Illuminate\Http\Request))
#1 D:\Programs\zend\Apache2\htdocs\elfinder\vendor\laravel\framework\src\Illuminate\Routing\Router.php(1017): Illuminate\Routing\Router->findRoute(Object(Illuminate\Http\Request))
#2 D:\Programs\zend\Apache2\htdocs\elfinder\vendor\laravel\framework\src\Illuminate\Routing\Router.php(996): Illuminate\Routing\Router->dispatchToRoute(Object(Illuminate\Http\Request))
#3 D:\Programs\zend\Apache2\htdocs\elfinder\vendor\laravel\framework\src\Illuminate\Foundation\Application.php(775): Illuminate\Routing\Router->dispatch(Object(Illuminate\Http\Request))
#4 D:\Programs\zend\Apache2\htdocs\elfinder\vendor\laravel\framework\src\Illuminate\Foundation\Application.php(745): Illuminate\Foundation\Application->dispatch(Object(Illuminate\Http\Request))
#5 D:\Programs\zend\Apache2\htdocs\elfinder\vendor\laravel\framework\src\Illuminate\Session\Middleware.php(72): Illuminate\Foundation\Application->handle(Object(Illuminate\Http\Request), 1, true)
#6 D:\Programs\zend\Apache2\htdocs\elfinder\vendor\laravel\framework\src\Illuminate\Cookie\Queue.php(47): Illuminate\Session\Middleware->handle(Object(Illuminate\Http\Request), 1, true)
#7 D:\Programs\zend\Apache2\htdocs\elfinder\vendor\laravel\framework\src\Illuminate\Cookie\Guard.php(51): Illuminate\Cookie\Queue->handle(Object(Illuminate\Http\Request), 1, true)
#8 D:\Programs\zend\Apache2\htdocs\elfinder\vendor\stack\builder\src\Stack\StackedHttpKernel.php(23): Illuminate\Cookie\Guard->handle(Object(Illuminate\Http\Request), 1, true)
#9 D:\Programs\zend\Apache2\htdocs\elfinder\vendor\laravel\framework\src\Illuminate\Foundation\Application.php(641): Stack\StackedHttpKernel->handle(Object(Illuminate\Http\Request))
#10 D:\Programs\zend\Apache2\htdocs\elfinder\public\index.php(49): Illuminate\Foundation\Application->run()
#11 {main} [] []
[2014-10-28 22:51:04] production.ERROR: exception 'Symfony\Component\HttpKernel\Exception\NotFoundHttpException' in D:\Programs\zend\Apache2\htdocs\elfinder\vendor\laravel\framework\src\Illuminate\Routing\RouteCollection.php:148
Stack trace:
#0 D:\Programs\zend\Apache2\htdocs\elfinder\vendor\laravel\framework\src\Illuminate\Routing\Router.php(1049): Illuminate\Routing\RouteCollection->match(Object(Illuminate\Http\Request))
#1 D:\Programs\zend\Apache2\htdocs\elfinder\vendor\laravel\framework\src\Illuminate\Routing\Router.php(1017): Illuminate\Routing\Router->findRoute(Object(Illuminate\Http\Request))
#2 D:\Programs\zend\Apache2\htdocs\elfinder\vendor\laravel\framework\src\Illuminate\Routing\Router.php(996): Illuminate\Routing\Router->dispatchToRoute(Object(Illuminate\Http\Request))
#3 D:\Programs\zend\Apache2\htdocs\elfinder\vendor\laravel\framework\src\Illuminate\Foundation\Application.php(775): Illuminate\Routing\Router->dispatch(Object(Illuminate\Http\Request))
#4 D:\Programs\zend\Apache2\htdocs\elfinder\vendor\laravel\framework\src\Illuminate\Foundation\Application.php(745): Illuminate\Foundation\Application->dispatch(Object(Illuminate\Http\Request))
#5 D:\Programs\zend\Apache2\htdocs\elfinder\vendor\laravel\framework\src\Illuminate\Session\Middleware.php(72): Illuminate\Foundation\Application->handle(Object(Illuminate\Http\Request), 1, true)
#6 D:\Programs\zend\Apache2\htdocs\elfinder\vendor\laravel\framework\src\Illuminate\Cookie\Queue.php(47): Illuminate\Session\Middleware->handle(Object(Illuminate\Http\Request), 1, true)
#7 D:\Programs\zend\Apache2\htdocs\elfinder\vendor\laravel\framework\src\Illuminate\Cookie\Guard.php(51): Illuminate\Cookie\Queue->handle(Object(Illuminate\Http\Request), 1, true)
#8 D:\Programs\zend\Apache2\htdocs\elfinder\vendor\stack\builder\src\Stack\StackedHttpKernel.php(23): Illuminate\Cookie\Guard->handle(Object(Illuminate\Http\Request), 1, true)
#9 D:\Programs\zend\Apache2\htdocs\elfinder\vendor\laravel\framework\src\Illuminate\Foundation\Application.php(641): Stack\StackedHttpKernel->handle(Object(Illuminate\Http\Request))
#10 D:\Programs\zend\Apache2\htdocs\elfinder\public\index.php(49): Illuminate\Foundation\Application->run()
#11 {main} [] []
[2014-10-28 22:52:26] production.ERROR: exception 'Symfony\Component\HttpKernel\Exception\NotFoundHttpException' in D:\Programs\zend\Apache2\htdocs\elfinder\vendor\laravel\framework\src\Illuminate\Routing\RouteCollection.php:148
Stack trace:
#0 D:\Programs\zend\Apache2\htdocs\elfinder\vendor\laravel\framework\src\Illuminate\Routing\Router.php(1049): Illuminate\Routing\RouteCollection->match(Object(Illuminate\Http\Request))
#1 D:\Programs\zend\Apache2\htdocs\elfinder\vendor\laravel\framework\src\Illuminate\Routing\Router.php(1017): Illuminate\Routing\Router->findRoute(Object(Illuminate\Http\Request))
#2 D:\Programs\zend\Apache2\htdocs\elfinder\vendor\laravel\framework\src\Illuminate\Routing\Router.php(996): Illuminate\Routing\Router->dispatchToRoute(Object(Illuminate\Http\Request))
#3 D:\Programs\zend\Apache2\htdocs\elfinder\vendor\laravel\framework\src\Illuminate\Foundation\Application.php(775): Illuminate\Routing\Router->dispatch(Object(Illuminate\Http\Request))
#4 D:\Programs\zend\Apache2\htdocs\elfinder\vendor\laravel\framework\src\Illuminate\Foundation\Application.php(745): Illuminate\Foundation\Application->dispatch(Object(Illuminate\Http\Request))
#5 D:\Programs\zend\Apache2\htdocs\elfinder\vendor\laravel\framework\src\Illuminate\Session\Middleware.php(72): Illuminate\Foundation\Application->handle(Object(Illuminate\Http\Request), 1, true)
#6 D:\Programs\zend\Apache2\htdocs\elfinder\vendor\laravel\framework\src\Illuminate\Cookie\Queue.php(47): Illuminate\Session\Middleware->handle(Object(Illuminate\Http\Request), 1, true)
#7 D:\Programs\zend\Apache2\htdocs\elfinder\vendor\laravel\framework\src\Illuminate\Cookie\Guard.php(51): Illuminate\Cookie\Queue->handle(Object(Illuminate\Http\Request), 1, true)
#8 D:\Programs\zend\Apache2\htdocs\elfinder\vendor\stack\builder\src\Stack\StackedHttpKernel.php(23): Illuminate\Cookie\Guard->handle(Object(Illuminate\Http\Request), 1, true)
#9 D:\Programs\zend\Apache2\htdocs\elfinder\vendor\laravel\framework\src\Illuminate\Foundation\Application.php(641): Stack\StackedHttpKernel->handle(Object(Illuminate\Http\Request))
#10 D:\Programs\zend\Apache2\htdocs\elfinder\public\index.php(49): Illuminate\Foundation\Application->run()
#11 {main} [] []
[2014-10-28 22:53:16] production.ERROR: exception 'Symfony\Component\HttpKernel\Exception\NotFoundHttpException' in D:\Programs\zend\Apache2\htdocs\elfinder\vendor\laravel\framework\src\Illuminate\Routing\RouteCollection.php:148
Stack trace:
#0 D:\Programs\zend\Apache2\htdocs\elfinder\vendor\laravel\framework\src\Illuminate\Routing\Router.php(1049): Illuminate\Routing\RouteCollection->match(Object(Illuminate\Http\Request))
#1 D:\Programs\zend\Apache2\htdocs\elfinder\vendor\laravel\framework\src\Illuminate\Routing\Router.php(1017): Illuminate\Routing\Router->findRoute(Object(Illuminate\Http\Request))
#2 D:\Programs\zend\Apache2\htdocs\elfinder\vendor\laravel\framework\src\Illuminate\Routing\Router.php(996): Illuminate\Routing\Router->dispatchToRoute(Object(Illuminate\Http\Request))
#3 D:\Programs\zend\Apache2\htdocs\elfinder\vendor\laravel\framework\src\Illuminate\Foundation\Application.php(775): Illuminate\Routing\Router->dispatch(Object(Illuminate\Http\Request))
#4 D:\Programs\zend\Apache2\htdocs\elfinder\vendor\laravel\framework\src\Illuminate\Foundation\Application.php(745): Illuminate\Foundation\Application->dispatch(Object(Illuminate\Http\Request))
#5 D:\Programs\zend\Apache2\htdocs\elfinder\vendor\laravel\framework\src\Illuminate\Session\Middleware.php(72): Illuminate\Foundation\Application->handle(Object(Illuminate\Http\Request), 1, true)
#6 D:\Programs\zend\Apache2\htdocs\elfinder\vendor\laravel\framework\src\Illuminate\Cookie\Queue.php(47): Illuminate\Session\Middleware->handle(Object(Illuminate\Http\Request), 1, true)
#7 D:\Programs\zend\Apache2\htdocs\elfinder\vendor\laravel\framework\src\Illuminate\Cookie\Guard.php(51): Illuminate\Cookie\Queue->handle(Object(Illuminate\Http\Request), 1, true)
#8 D:\Programs\zend\Apache2\htdocs\elfinder\vendor\stack\builder\src\Stack\StackedHttpKernel.php(23): Illuminate\Cookie\Guard->handle(Object(Illuminate\Http\Request), 1, true)
#9 D:\Programs\zend\Apache2\htdocs\elfinder\vendor\laravel\framework\src\Illuminate\Foundation\Application.php(641): Stack\StackedHttpKernel->handle(Object(Illuminate\Http\Request))
#10 D:\Programs\zend\Apache2\htdocs\elfinder\public\index.php(49): Illuminate\Foundation\Application->run()
#11 {main} [] []
[2014-10-28 22:53:58] production.ERROR: exception 'Symfony\Component\HttpKernel\Exception\NotFoundHttpException' in D:\Programs\zend\Apache2\htdocs\elfinder\vendor\laravel\framework\src\Illuminate\Routing\RouteCollection.php:148
Stack trace:
#0 D:\Programs\zend\Apache2\htdocs\elfinder\vendor\laravel\framework\src\Illuminate\Routing\Router.php(1049): Illuminate\Routing\RouteCollection->match(Object(Illuminate\Http\Request))
#1 D:\Programs\zend\Apache2\htdocs\elfinder\vendor\laravel\framework\src\Illuminate\Routing\Router.php(1017): Illuminate\Routing\Router->findRoute(Object(Illuminate\Http\Request))
#2 D:\Programs\zend\Apache2\htdocs\elfinder\vendor\laravel\framework\src\Illuminate\Routing\Router.php(996): Illuminate\Routing\Router->dispatchToRoute(Object(Illuminate\Http\Request))
#3 D:\Programs\zend\Apache2\htdocs\elfinder\vendor\laravel\framework\src\Illuminate\Foundation\Application.php(775): Illuminate\Routing\Router->dispatch(Object(Illuminate\Http\Request))
#4 D:\Programs\zend\Apache2\htdocs\elfinder\vendor\laravel\framework\src\Illuminate\Foundation\Application.php(745): Illuminate\Foundation\Application->dispatch(Object(Illuminate\Http\Request))
#5 D:\Programs\zend\Apache2\htdocs\elfinder\vendor\laravel\framework\src\Illuminate\Session\Middleware.php(72): Illuminate\Foundation\Application->handle(Object(Illuminate\Http\Request), 1, true)
#6 D:\Programs\zend\Apache2\htdocs\elfinder\vendor\laravel\framework\src\Illuminate\Cookie\Queue.php(47): Illuminate\Session\Middleware->handle(Object(Illuminate\Http\Request), 1, true)
#7 D:\Programs\zend\Apache2\htdocs\elfinder\vendor\laravel\framework\src\Illuminate\Cookie\Guard.php(51): Illuminate\Cookie\Queue->handle(Object(Illuminate\Http\Request), 1, true)
#8 D:\Programs\zend\Apache2\htdocs\elfinder\vendor\stack\builder\src\Stack\StackedHttpKernel.php(23): Illuminate\Cookie\Guard->handle(Object(Illuminate\Http\Request), 1, true)
#9 D:\Programs\zend\Apache2\htdocs\elfinder\vendor\laravel\framework\src\Illuminate\Foundation\Application.php(641): Stack\StackedHttpKernel->handle(Object(Illuminate\Http\Request))
#10 D:\Programs\zend\Apache2\htdocs\elfinder\public\index.php(49): Illuminate\Foundation\Application->run()
#11 {main} [] []
[2014-10-28 22:54:10] production.ERROR: exception 'Symfony\Component\HttpKernel\Exception\NotFoundHttpException' in D:\Programs\zend\Apache2\htdocs\elfinder\vendor\laravel\framework\src\Illuminate\Routing\RouteCollection.php:148
Stack trace:
#0 D:\Programs\zend\Apache2\htdocs\elfinder\vendor\laravel\framework\src\Illuminate\Routing\Router.php(1049): Illuminate\Routing\RouteCollection->match(Object(Illuminate\Http\Request))
#1 D:\Programs\zend\Apache2\htdocs\elfinder\vendor\laravel\framework\src\Illuminate\Routing\Router.php(1017): Illuminate\Routing\Router->findRoute(Object(Illuminate\Http\Request))
#2 D:\Programs\zend\Apache2\htdocs\elfinder\vendor\laravel\framework\src\Illuminate\Routing\Router.php(996): Illuminate\Routing\Router->dispatchToRoute(Object(Illuminate\Http\Request))
#3 D:\Programs\zend\Apache2\htdocs\elfinder\vendor\laravel\framework\src\Illuminate\Foundation\Application.php(775): Illuminate\Routing\Router->dispatch(Object(Illuminate\Http\Request))
#4 D:\Programs\zend\Apache2\htdocs\elfinder\vendor\laravel\framework\src\Illuminate\Foundation\Application.php(745): Illuminate\Foundation\Application->dispatch(Object(Illuminate\Http\Request))
#5 D:\Programs\zend\Apache2\htdocs\elfinder\vendor\laravel\framework\src\Illuminate\Session\Middleware.php(72): Illuminate\Foundation\Application->handle(Object(Illuminate\Http\Request), 1, true)
#6 D:\Programs\zend\Apache2\htdocs\elfinder\vendor\laravel\framework\src\Illuminate\Cookie\Queue.php(47): Illuminate\Session\Middleware->handle(Object(Illuminate\Http\Request), 1, true)
#7 D:\Programs\zend\Apache2\htdocs\elfinder\vendor\laravel\framework\src\Illuminate\Cookie\Guard.php(51): Illuminate\Cookie\Queue->handle(Object(Illuminate\Http\Request), 1, true)
#8 D:\Programs\zend\Apache2\htdocs\elfinder\vendor\stack\builder\src\Stack\StackedHttpKernel.php(23): Illuminate\Cookie\Guard->handle(Object(Illuminate\Http\Request), 1, true)
#9 D:\Programs\zend\Apache2\htdocs\elfinder\vendor\laravel\framework\src\Illuminate\Foundation\Application.php(641): Stack\StackedHttpKernel->handle(Object(Illuminate\Http\Request))
#10 D:\Programs\zend\Apache2\htdocs\elfinder\public\index.php(49): Illuminate\Foundation\Application->run()
#11 {main} [] []
[2014-10-28 22:54:55] production.ERROR: exception 'Symfony\Component\HttpKernel\Exception\NotFoundHttpException' in D:\Programs\zend\Apache2\htdocs\elfinder\vendor\laravel\framework\src\Illuminate\Routing\RouteCollection.php:148
Stack trace:
#0 D:\Programs\zend\Apache2\htdocs\elfinder\vendor\laravel\framework\src\Illuminate\Routing\Router.php(1049): Illuminate\Routing\RouteCollection->match(Object(Illuminate\Http\Request))
#1 D:\Programs\zend\Apache2\htdocs\elfinder\vendor\laravel\framework\src\Illuminate\Routing\Router.php(1017): Illuminate\Routing\Router->findRoute(Object(Illuminate\Http\Request))
#2 D:\Programs\zend\Apache2\htdocs\elfinder\vendor\laravel\framework\src\Illuminate\Routing\Router.php(996): Illuminate\Routing\Router->dispatchToRoute(Object(Illuminate\Http\Request))
#3 D:\Programs\zend\Apache2\htdocs\elfinder\vendor\laravel\framework\src\Illuminate\Foundation\Application.php(775): Illuminate\Routing\Router->dispatch(Object(Illuminate\Http\Request))
#4 D:\Programs\zend\Apache2\htdocs\elfinder\vendor\laravel\framework\src\Illuminate\Foundation\Application.php(745): Illuminate\Foundation\Application->dispatch(Object(Illuminate\Http\Request))
#5 D:\Programs\zend\Apache2\htdocs\elfinder\vendor\laravel\framework\src\Illuminate\Session\Middleware.php(72): Illuminate\Foundation\Application->handle(Object(Illuminate\Http\Request), 1, true)
#6 D:\Programs\zend\Apache2\htdocs\elfinder\vendor\laravel\framework\src\Illuminate\Cookie\Queue.php(47): Illuminate\Session\Middleware->handle(Object(Illuminate\Http\Request), 1, true)
#7 D:\Programs\zend\Apache2\htdocs\elfinder\vendor\laravel\framework\src\Illuminate\Cookie\Guard.php(51): Illuminate\Cookie\Queue->handle(Object(Illuminate\Http\Request), 1, true)
#8 D:\Programs\zend\Apache2\htdocs\elfinder\vendor\stack\builder\src\Stack\StackedHttpKernel.php(23): Illuminate\Cookie\Guard->handle(Object(Illuminate\Http\Request), 1, true)
#9 D:\Programs\zend\Apache2\htdocs\elfinder\vendor\laravel\framework\src\Illuminate\Foundation\Application.php(641): Stack\StackedHttpKernel->handle(Object(Illuminate\Http\Request))
#10 D:\Programs\zend\Apache2\htdocs\elfinder\public\index.php(49): Illuminate\Foundation\Application->run()
#11 {main} [] []
[2014-10-28 22:58:38] production.ERROR: exception 'Symfony\Component\HttpKernel\Exception\NotFoundHttpException' in D:\Programs\zend\Apache2\htdocs\elfinder\vendor\laravel\framework\src\Illuminate\Routing\RouteCollection.php:148
Stack trace:
#0 D:\Programs\zend\Apache2\htdocs\elfinder\vendor\laravel\framework\src\Illuminate\Routing\Router.php(1049): Illuminate\Routing\RouteCollection->match(Object(Illuminate\Http\Request))
#1 D:\Programs\zend\Apache2\htdocs\elfinder\vendor\laravel\framework\src\Illuminate\Routing\Router.php(1017): Illuminate\Routing\Router->findRoute(Object(Illuminate\Http\Request))
#2 D:\Programs\zend\Apache2\htdocs\elfinder\vendor\laravel\framework\src\Illuminate\Routing\Router.php(996): Illuminate\Routing\Router->dispatchToRoute(Object(Illuminate\Http\Request))
#3 D:\Programs\zend\Apache2\htdocs\elfinder\vendor\laravel\framework\src\Illuminate\Foundation\Application.php(775): Illuminate\Routing\Router->dispatch(Object(Illuminate\Http\Request))
#4 D:\Programs\zend\Apache2\htdocs\elfinder\vendor\laravel\framework\src\Illuminate\Foundation\Application.php(745): Illuminate\Foundation\Application->dispatch(Object(Illuminate\Http\Request))
#5 D:\Programs\zend\Apache2\htdocs\elfinder\vendor\laravel\framework\src\Illuminate\Session\Middleware.php(72): Illuminate\Foundation\Application->handle(Object(Illuminate\Http\Request), 1, true)
#6 D:\Programs\zend\Apache2\htdocs\elfinder\vendor\laravel\framework\src\Illuminate\Cookie\Queue.php(47): Illuminate\Session\Middleware->handle(Object(Illuminate\Http\Request), 1, true)
#7 D:\Programs\zend\Apache2\htdocs\elfinder\vendor\laravel\framework\src\Illuminate\Cookie\Guard.php(51): Illuminate\Cookie\Queue->handle(Object(Illuminate\Http\Request), 1, true)
#8 D:\Programs\zend\Apache2\htdocs\elfinder\vendor\stack\builder\src\Stack\StackedHttpKernel.php(23): Illuminate\Cookie\Guard->handle(Object(Illuminate\Http\Request), 1, true)
#9 D:\Programs\zend\Apache2\htdocs\elfinder\vendor\laravel\framework\src\Illuminate\Foundation\Application.php(641): Stack\StackedHttpKernel->handle(Object(Illuminate\Http\Request))
#10 D:\Programs\zend\Apache2\htdocs\elfinder\public\index.php(49): Illuminate\Foundation\Application->run()
#11 {main} [] []
